=== Start CUDA program ===
Number of SMs: 68
N=31250, R=3, K=100
Data preparation started...
Total number of weigths: 9251550
Weigths [GBs]: 0.04947
Data preparation time: 202.910172 ms


Computation starded...
Compute time: 1.099072 ms
final_layer_activations[31047] = 0.720070
final_layer_activations[31048] = 0.748443
final_layer_activations[31049] = 0.699496
final_layer_activations[31050] = 0.866136
final_layer_activations[31051] = 0.832108
Number of SMs: 68
N=62500, R=3, K=100
Data preparation started...
Total number of weigths: 18532800
Weigths [GBs]: 0.09909
Data preparation time: 177.377853 ms


Computation starded...
Compute time: 1.004000 ms
final_layer_activations[62297] = 0.764897
final_layer_activations[62298] = 0.820976
final_layer_activations[62299] = 0.794677
final_layer_activations[62300] = 0.737975
final_layer_activations[62301] = 0.686669
Number of SMs: 68
N=125000, R=3, K=100
Data preparation started...
Total number of weigths: 37095300
Weigths [GBs]: 0.19834
Data preparation time: 358.391327 ms


Computation starded...
Compute time: 1.417568 ms
final_layer_activations[124797] = 0.773548
final_layer_activations[124798] = 0.767155
final_layer_activations[124799] = 0.654253
final_layer_activations[124800] = 0.694913
final_layer_activations[124801] = 0.749166
Number of SMs: 68
N=250000, R=3, K=100
Data preparation started...
Total number of weigths: 74220300
Weigths [GBs]: 0.39684
Data preparation time: 741.855530 ms


Computation starded...
Compute time: 2.109056 ms
final_layer_activations[249797] = 0.720523
final_layer_activations[249798] = 0.850776
final_layer_activations[249799] = 0.725626
final_layer_activations[249800] = 0.812392
final_layer_activations[249801] = 0.776104
Number of SMs: 68
N=500000, R=3, K=100
Data preparation started...
Total number of weigths: 148470300
Weigths [GBs]: 0.79384
Data preparation time: 1521.304199 ms


Computation starded...
Compute time: 3.448640 ms
final_layer_activations[499797] = 0.842593
final_layer_activations[499798] = 0.808930
final_layer_activations[499799] = 0.647904
final_layer_activations[499800] = 0.758556
final_layer_activations[499801] = 0.817611
Number of SMs: 68
N=1000000, R=3, K=100
Data preparation started...
Total number of weigths: 296970300
Weigths [GBs]: 1.58784
Data preparation time: 3155.906006 ms


Computation starded...
Compute time: 5.978976 ms
final_layer_activations[999797] = 0.831899
final_layer_activations[999798] = 0.864554
final_layer_activations[999799] = 0.775909
final_layer_activations[999800] = 0.830513
final_layer_activations[999801] = 0.862756
Number of SMs: 68
N=2000000, R=3, K=100
Data preparation started...
Total number of weigths: 593970300
Weigths [GBs]: 3.17584
Data preparation time: 6509.791016 ms


Computation starded...
Compute time: 10.968992 ms
final_layer_activations[1999797] = 0.868178
final_layer_activations[1999798] = 0.826495
final_layer_activations[1999799] = 0.753218
final_layer_activations[1999800] = 0.815129
final_layer_activations[1999801] = 0.818436
Number of SMs: 68
N=3000000, R=3, K=100
Data preparation started...
Total number of weigths: 890970300
Weigths [GBs]: 4.76384
Data preparation time: 10076.089844 ms


Computation starded...
Compute time: 16.087584 ms
final_layer_activations[2999797] = 0.745206
final_layer_activations[2999798] = 0.743241
final_layer_activations[2999799] = 0.834622
final_layer_activations[2999800] = 0.726947
final_layer_activations[2999801] = 0.821323
Number of SMs: 68
N=4000000, R=3, K=100
Data preparation started...
Total number of weigths: 1187970300
Weigths [GBs]: 6.35184
Data preparation time: 13671.208984 ms


Computation starded...
Compute time: 21.193632 ms
final_layer_activations[3999797] = 0.854060
final_layer_activations[3999798] = 0.892916
final_layer_activations[3999799] = 0.725268
final_layer_activations[3999800] = 0.819981
final_layer_activations[3999801] = 0.637877
Number of SMs: 68
N=5000000, R=3, K=100
Data preparation started...
Total number of weigths: 1484970300
Weigths [GBs]: 7.93984
Data preparation time: 17237.250000 ms


Computation starded...
Compute time: 26.387136 ms
final_layer_activations[4999797] = 0.865095
final_layer_activations[4999798] = 0.799263
final_layer_activations[4999799] = 0.825600
final_layer_activations[4999800] = 0.852170
final_layer_activations[4999801] = 0.766013
Number of SMs: 68
N=6000000, R=3, K=100
Data preparation started...
Total number of weigths: 1781970300
Weigths [GBs]: 9.52784
Data preparation time: 21052.396484 ms


Computation starded...
Compute time: 31.502337 ms
final_layer_activations[5999797] = 0.798625
final_layer_activations[5999798] = 0.790527
final_layer_activations[5999799] = 0.783293
final_layer_activations[5999800] = 0.732547
final_layer_activations[5999801] = 0.697142
Number of SMs: 68
N=7000000, R=3, K=100
Data preparation started...
Total number of weigths: 2078970300
Weigths [GBs]: 11.11584
Data preparation time: 25048.050781 ms


Computation starded...
Compute time: 36.697857 ms
final_layer_activations[6999797] = 0.798093
final_layer_activations[6999798] = 0.729998
final_layer_activations[6999799] = 0.789076
final_layer_activations[6999800] = 0.882697
final_layer_activations[6999801] = 0.837642
GPUassert: out of memory cuda.cu 115
Number of SMs: 68
N=8000000, R=3, K=100
Data preparation started...
Total number of weigths: 2375970300
Weigths [GBs]: 12.70384
GPUassert: out of memory cuda.cu 115
Number of SMs: 68
N=9000000, R=3, K=100
Data preparation started...
Total number of weigths: 2672970300
Weigths [GBs]: 14.29184
GPUassert: out of memory cuda.cu 115
Number of SMs: 68
N=10000000, R=3, K=100
Data preparation started...
Total number of weigths: 2969970300
Weigths [GBs]: 15.87984
=== End of Job ===
